[2025-08-06 22:30:19] [INFO] Changed to project directory: D:\my-project\CVTE
[2025-08-06 22:30:19] [INFO] Detected 4 file changes
[2025-08-06 22:30:19] [INFO] Adding files to staging area...
[2025-08-06 22:30:19] [INFO] Committing changes: feat: 自动同步项目文件 - 2025-08-06 22:30:19 (4 files)
[2025-08-06 22:30:20] [INFO] Pushing to remote branch: master
[2025-08-06 22:30:24] [SUCCESS] Sync completed successfully!
[2025-08-06 22:30:24] [SUCCESS] Single sync completed
[2025-08-06 22:30:34] [INFO] Changed to project directory: D:\my-project\CVTE
[2025-08-06 22:30:34] [INFO] Detected 2 file changes
[2025-08-06 22:30:34] [INFO] Adding files to staging area...
[2025-08-06 22:30:34] [INFO] Committing changes: feat: 自动同步项目文件 - 2025-08-06 22:30:34 (2 files)
[2025-08-06 22:30:34] [INFO] Pushing to remote branch: master
[2025-08-06 22:30:37] [SUCCESS] Sync completed successfully!
[2025-08-06 22:30:37] [INFO] Monitor sync completed, next check time: 22:33:37
[2025-08-06 22:32:07] [INFO] Changed to project directory: D:\my-project\CVTE
[2025-08-06 22:32:07] [INFO] Detected 3 file changes
[2025-08-06 22:32:07] [INFO] Adding files to staging area...
[2025-08-06 22:32:07] [INFO] Committing changes: feat: 自动同步项目文件 - 2025-08-06 22:32:07 (3 files)
[2025-08-06 22:32:07] [INFO] Pushing to remote branch: master
[2025-08-06 22:32:10] [SUCCESS] Sync completed successfully!
[2025-08-06 22:32:10] [INFO] Monitor sync completed, next check time: 22:35:10
[2025-08-06 22:36:20] [INFO] Changed to project directory: D:\my-project\CVTE
[2025-08-06 22:36:20] [INFO] Detected 4 file changes
[2025-08-06 22:36:20] [INFO] Adding files to staging area...
[2025-08-06 22:36:20] [INFO] Committing changes: feat: 自动同步项目文件 - 2025-08-06 22:36:20 (4 files)
[2025-08-06 22:36:21] [INFO] Pushing to remote branch: master
[2025-08-06 22:36:24] [SUCCESS] Sync completed successfully!
[2025-08-06 22:50:59] [INFO] Changed to project directory: D:\my-project\CVTE
[2025-08-06 22:50:59] [INFO] Detected 24 file changes
[2025-08-06 22:50:59] [INFO] Adding files to staging area...
